mysql01 | success >> {
    "ansible_facts": {
        "ansible_all_ipv4_addresses": [
            "10.0.2.15", 
            "192.168.50.61"
        ], 
        "ansible_all_ipv6_addresses": [
            "fe80::a00:27ff:fe3b:7fe4", 
            "fe80::a00:27ff:fec6:b789"
        ], 
        "ansible_architecture": "x86_64", 
        "ansible_bios_date": "12/01/2006", 
        "ansible_bios_version": "VirtualBox", 
        "ansible_cmdline": {
            "BOOT_IMAGE": "/vmlinuz-3.11.0-12-generic", 
            "quiet": true, 
            "ro": true, 
            "root": "/dev/mapper/vagrant--vg-root", 
            "splash": true, 
            "vt.handoff": "7"
        }, 
        "ansible_date_time": {
            "date": "2014-05-29", 
            "day": "29", 
            "epoch": "1401372056", 
            "hour": "14", 
            "iso8601": "2014-05-29T14:00:56Z", 
            "iso8601_micro": "2014-05-29T14:00:56.935830Z", 
            "minute": "00", 
            "month": "05", 
            "second": "56", 
            "time": "14:00:56", 
            "tz": "UTC", 
            "tz_offset": "+0000", 
            "year": "2014"
        }, 
        "ansible_default_ipv4": {
            "address": "10.0.2.15", 
            "alias": "eth0", 
            "gateway": "10.0.2.2", 
            "interface": "eth0", 
            "macaddress": "08:00:27:3b:7f:e4", 
            "mtu": 1500, 
            "netmask": "255.255.255.0", 
            "network": "10.0.2.0", 
            "type": "ether"
        }, 
        "ansible_default_ipv6": {}, 
        "ansible_devices": {
            "sda": {
                "holders": [], 
                "host": "IDE interface: Intel Corporation 82371AB/EB/MB PIIX4 IDE (rev 01)", 
                "model": "VBOX HARDDISK", 
                "partitions": {
                    "sda1": {
                        "sectors": "497664", 
                        "sectorsize": 512, 
                        "size": "243.00 MB", 
                        "start": "2048"
                    }, 
                    "sda2": {
                        "sectors": "2", 
                        "sectorsize": 512, 
                        "size": "1.00 KB", 
                        "start": "501758"
                    }, 
                    "sda5": {
                        "sectors": "83382272", 
                        "sectorsize": 512, 
                        "size": "39.76 GB", 
                        "start": "501760"
                    }
                }, 
                "removable": "0", 
                "rotational": "1", 
                "scheduler_mode": "deadline", 
                "sectors": "83886080", 
                "sectorsize": "512", 
                "size": "40.00 GB", 
                "support_discard": "0", 
                "vendor": "ATA"
            }, 
            "sr0": {
                "holders": [], 
                "host": "IDE interface: Intel Corporation 82371AB/EB/MB PIIX4 IDE (rev 01)", 
                "model": "CD-ROM", 
                "partitions": {}, 
                "removable": "1", 
                "rotational": "1", 
                "scheduler_mode": "deadline", 
                "sectors": "2097151", 
                "sectorsize": "512", 
                "size": "1024.00 MB", 
                "support_discard": "0", 
                "vendor": "VBOX"
            }
        }, 
        "ansible_distribution": "Ubuntu", 
        "ansible_distribution_release": "saucy", 
        "ansible_distribution_version": "13.10", 
        "ansible_domain": "", 
        "ansible_env": {
            "HOME": "/root", 
            "LANG": "C", 
            "LANGUAGE": "en_US:", 
            "LOGNAME": "root", 
            "MAIL": "/var/mail/root", 
            "PATH": "/usr/local/sbin:/usr/local/bin:/usr/sbin:/usr/bin:/sbin:/bin:/usr/games:/usr/local/games", 
            "PWD": "/home/vagrant", 
            "SHELL": "/bin/bash", 
            "SUDO_COMMAND": "/bin/sh -c echo SUDO-SUCCESS-xzpnmcvaaiygflewnslismyukteqtuhj; /usr/bin/python /home/vagrant/.ansible/tmp/ansible-tmp-1401371989.75-59604854279777/setup; rm -rf /home/vagrant/.ansible/tmp/ansible-tmp-1401371989.75-59604854279777/ >/dev/null 2>&1", 
            "SUDO_GID": "900", 
            "SUDO_UID": "900", 
            "SUDO_USER": "vagrant", 
            "TERM": "linux", 
            "USER": "root", 
            "USERNAME": "root"
        }, 
        "ansible_eth0": {
            "active": true, 
            "device": "eth0", 
            "ipv4": {
                "address": "10.0.2.15", 
                "netmask": "255.255.255.0", 
                "network": "10.0.2.0"
            }, 
            "ipv6": [
                {
                    "address": "fe80::a00:27ff:fe3b:7fe4", 
                    "prefix": "64", 
                    "scope": "link"
                }
            ], 
            "macaddress": "08:00:27:3b:7f:e4", 
            "module": "e1000", 
            "mtu": 1500, 
            "promisc": false, 
            "type": "ether"
        }, 
        "ansible_eth1": {
            "active": true, 
            "device": "eth1", 
            "ipv4": {
                "address": "192.168.50.61", 
                "netmask": "255.255.255.0", 
                "network": "192.168.50.0"
            }, 
            "ipv6": [
                {
                    "address": "fe80::a00:27ff:fec6:b789", 
                    "prefix": "64", 
                    "scope": "link"
                }
            ], 
            "macaddress": "08:00:27:c6:b7:89", 
            "module": "e1000", 
            "mtu": 1500, 
            "promisc": false, 
            "type": "ether"
        }, 
        "ansible_form_factor": "Other", 
        "ansible_fqdn": "mysql01", 
        "ansible_hostname": "mysql01", 
        "ansible_interfaces": [
            "lo", 
            "eth1", 
            "eth0"
        ], 
        "ansible_kernel": "3.11.0-12-generic", 
        "ansible_lo": {
            "active": true, 
            "device": "lo", 
            "ipv4": {
                "address": "127.0.0.1", 
                "netmask": "255.0.0.0", 
                "network": "127.0.0.0"
            }, 
            "ipv6": [
                {
                    "address": "::1", 
                    "prefix": "128", 
                    "scope": "host"
                }
            ], 
            "mtu": 65536, 
            "promisc": false, 
            "type": "loopback"
        }, 
        "ansible_lsb": {
            "codename": "saucy", 
            "description": "Ubuntu 13.10", 
            "id": "Ubuntu", 
            "major_release": "13", 
            "release": "13.10"
        }, 
        "ansible_machine": "x86_64", 
        "ansible_memfree_mb": 57, 
        "ansible_memtotal_mb": 364, 
        "ansible_mounts": [
            {
                "device": "/dev/mapper/vagrant--vg-root", 
                "fstype": "ext4", 
                "mount": "/", 
                "options": "rw,errors=remount-ro", 
                "size_available": 37702868992, 
                "size_total": 41092214784
            }, 
            {
                "device": "/dev/sda1", 
                "fstype": "ext2", 
                "mount": "/boot", 
                "options": "rw", 
                "size_available": 195042304, 
                "size_total": 246755328
            }, 
            {
                "device": "/vagrant", 
                "fstype": "vboxsf", 
                "mount": "/vagrant", 
                "options": "uid=900,gid=900,rw", 
                "size_available": 1998717587456, 
                "size_total": 1999021727744
            }
        ], 
        "ansible_os_family": "Debian", 
        "ansible_pkg_mgr": "apt", 
        "ansible_processor": [
            "AMD Turion(tm) II Neo N54L Dual-Core Processor"
        ], 
        "ansible_processor_cores": 1, 
        "ansible_processor_count": 1, 
        "ansible_processor_threads_per_core": 1, 
        "ansible_processor_vcpus": 1, 
        "ansible_product_name": "VirtualBox", 
        "ansible_product_serial": "0", 
        "ansible_product_uuid": "6471A036-62D4-4A5F-9D4E-AC5A48CBD659", 
        "ansible_product_version": "1.2", 
        "ansible_python_version": "2.7.5+", 
        "ansible_selinux": false, 
        "ansible_ssh_host_key_dsa_public": "AAAAB3NzaC1kc3MAAACBAOxirLsffZTWXsghO5iK3Iic7MHiADe0F6TOrOCh8+nL+r7lUh3N3VZqaBwQ6uwBxIrFkFCHaMnSe9W004v4i2iyn1Wg1qmfODWbj1Ys/b1TAZ8XYx2P8wX19ufXVG84m7TKtEESDZ7FWPcauMHQvP/N8/MQNNILRROCC1cMBOqDAAAAFQCQ2QbaHhNS227Epa6i0oRyckYYNQAAAIEAtduxuKe4AgFVWEUSwUblLuPHN3mQhnzt/zmDyZOLehyp8RugebMovl2I9zXd8uxTgRf97RqUUPwbWZ2neBlUyfWkOv1DVw3dw5pnjliReYE9XQFlHQua2+s5o9MWLbsuot4pfO1cToKsBt+5OM0QNKao0VgvRTm6CBs0LSftP3wAAACBALxw5zXgtPZ5ItKmVKkqltKO2BqRFsGv5fWvR8vOf8XtuCN8RnzGllTQ8S7HdszhxGFa27BxoZJe5Z+p6BRBc2mlgQrC160a95J3hTszjxFNKnCkgut8TGPJL6gjBRlPPc98l2upYvG2uxQjoxIvgiQG7gG59tX2oHPcaUnp7N4h", 
        "ansible_ssh_host_key_ecdsa_public": "AAAAE2VjZHNhLXNoYTItbmlzdHAyNTYAAAAIbmlzdHAyNTYAAABBBHDwPNrliGTz6dGVk0U8A+JwJyg/VAKODpJbEyPCRv3LBdkKo6OrEL00QVD9BfwlIvUFVxEtrqG0EIMEmZy0nOg=", 
        "ansible_ssh_host_key_rsa_public": "AAAAB3NzaC1yc2EAAAADAQABAAABAQC5r1MsprBPcVFKdhBatSBYsFsXypTUMuV1Acc3M1a6MGFxU3eRXessbASeS96/ropBJQFCQ7RnyroSVzKsoFc+ClM+MNgVUyfWKtWF8Igb3fl0QicX6Ua2pJ33Z3v5QJPK3hUDQsIFbZSuUj5NGN8mNfRWCTxwdgfd7tvQEGrX+CAezPPDw9OuJwBLZRrCJczosW/2RqpWfGEfG7Wd1aUs9ze5T4Qcz8TEHhXkYA6+Mzq8A+YWMTcDhXPDWBKYFtPj63gCWTCt63SDvA5VsSuRDj6gjm8CBEDvnZRBM1ExnihFvmSNo4D+ren/dcVC0rTJc4+MfytZJUsT5wmjvNET", 
        "ansible_swapfree_mb": 767, 
        "ansible_swaptotal_mb": 767, 
        "ansible_system": "Linux", 
        "ansible_system_vendor": "innotek GmbH", 
        "ansible_user_id": "root", 
        "ansible_userspace_architecture": "x86_64", 
        "ansible_userspace_bits": "64", 
        "ansible_virtualization_role": "guest", 
        "ansible_virtualization_type": "virtualbox"
    }, 
    "changed": false
}

